2024-11-29 06:33:13,751 - INFO - Sending command: /s 61trovNRXxwEyDraZnyZA1U1XW5anmug5DjjDLR7pump
2024-11-29 06:33:33,852 - INFO - Received initial response
2024-11-29 06:33:46,492 - INFO - Clicked bubble map button
2024-11-29 06:33:46,492 - INFO - Received bubble map response
2024-11-29 06:33:46,493 - INFO - Raw response text:
__ü¶ú PIRB is generating the BubbleMap now, this can take up to 1-2 Minutes...__
2024-11-29 06:33:46,493 - INFO - Processing 1 non-empty lines
2024-11-29 06:33:46,494 - INFO - Final parsed data: {'timestamp': '2024-11-29 06:33:46', 'token_name': None, 'token_address': None, 'top_10_clusters_total': None, 'clusters': []}
2024-11-29 06:33:46,494 - ERROR - No clusters were parsed from the response
2024-11-29 06:36:53,697 - INFO - Sending command: /s 61trovNRXxwEyDraZnyZA1U1XW5anmug5DjjDLR7pump
2024-11-29 06:37:18,642 - INFO - Initial response received with 2 buttons
2024-11-29 06:37:18,642 - INFO - Found bubble map button
2024-11-29 06:37:33,272 - INFO - Clicked bubble map button
2024-11-29 06:37:33,274 - INFO - Bubble response received with text length: 78
2024-11-29 06:37:33,274 - INFO - Raw response text:
__ü¶ú PIRB is generating the BubbleMap now, this can take up to 1-2 Minutes...__
2024-11-29 06:37:33,274 - INFO - Processing 1 non-empty lines
2024-11-29 06:37:33,274 - INFO - Parsed 0 clusters
2024-11-29 06:37:33,274 - ERROR - No clusters were parsed from the response
2024-11-29 06:37:33,274 - ERROR - Failed to parse bubble map data
2024-11-29 06:40:31,638 - INFO - Sending command: /s 61trovNRXxwEyDraZnyZA1U1XW5anmug5DjjDLR7pump
2024-11-29 06:40:32,368 - INFO - Command sent successfully
2024-11-29 06:40:40,579 - INFO - Initial response received: ü™ô [**CHILLGRINCH**](https://solscan.io/token/61trovNRXxwEyDraZnyZA1U1XW5anmug5DjjDLR7pump) (CHILLGR)...
2024-11-29 06:40:40,579 - INFO - Number of button rows: 2
2024-11-29 06:40:40,579 - INFO - Row 0 has 4 buttons
2024-11-29 06:40:40,580 - INFO - Button 0,0 text: üê≥
2024-11-29 06:40:40,580 - INFO - Button 0,1 text: üíº
2024-11-29 06:40:40,580 - INFO - Button 0,2 text: ü´ß 
2024-11-29 06:40:40,580 - INFO - Button 0,3 text: üîÑ
2024-11-29 06:40:40,580 - INFO - Row 1 has 5 buttons
2024-11-29 06:40:40,580 - INFO - Button 1,0 text: üìà
2024-11-29 06:40:40,580 - INFO - Button 1,1 text: ü©π
2024-11-29 06:40:40,580 - INFO - Button 1,2 text: üë®üèª‚Äçüè´
2024-11-29 06:40:40,580 - INFO - Button 1,3 text: üö∂
2024-11-29 06:40:40,580 - INFO - Button 1,4 text: üèÉ‚Äç‚ôÇÔ∏è
2024-11-29 06:40:40,580 - INFO - Found bubble map button with text: ü´ß 
2024-11-29 06:40:55,908 - INFO - Clicked bubble map button
2024-11-29 06:40:55,908 - INFO - Raw bubble response received:
2024-11-29 06:40:55,908 - INFO - ---START OF RESPONSE---
2024-11-29 06:40:55,908 - INFO - __ü¶ú PIRB is generating the BubbleMap now, this can take up to 1-2 Minutes...__
2024-11-29 06:40:55,908 - INFO - ---END OF RESPONSE---
2024-11-29 06:40:55,908 - INFO - Starting to parse bubble response
2024-11-29 06:40:55,908 - INFO - ---START OF RAW TEXT---
2024-11-29 06:40:55,908 - INFO - __ü¶ú PIRB is generating the BubbleMap now, this can take up to 1-2 Minutes...__
2024-11-29 06:40:55,908 - INFO - ---END OF RAW TEXT---
2024-11-29 06:40:55,908 - INFO - Found 1 non-empty lines
2024-11-29 06:40:55,908 - INFO - Processing line 0: __ü¶ú PIRB is generating the BubbleMap now, this can take up to 1-2 Minutes...__
2024-11-29 06:40:55,908 - INFO - Finished parsing. Found 0 clusters
2024-11-29 06:40:55,908 - ERROR - No clusters were parsed from the response
2024-11-29 06:40:55,908 - INFO - Parsed data result: False
2024-11-29 06:40:55,909 - ERROR - Failed to parse bubble map data
2024-11-29 06:47:59,992 - INFO - Sending command: /s 61trovNRXxwEyDraZnyZA1U1XW5anmug5DjjDLR7pump
2024-11-29 06:48:00,699 - INFO - Command sent successfully
2024-11-29 06:48:30,730 - ERROR - Error in get_token_info: 
2024-11-29 06:48:30,730 - ERROR - Full traceback:
Traceback (most recent call last):
  File "/home/ubuntu/miniconda3/lib/python3.12/asyncio/tasks.py", line 520, in wait_for
    return await fut
           ^^^^^^^^^
asyncio.exceptions.CancelledError

The above exception was the direct cause of the following exception:

Traceback (most recent call last):
  File "/home/ubuntu/Birdeye_Dashboard/APIs/Telegram_PirbView/tel_tokenprompt_s_.py", line 82, in get_token_info
    response = await conv.get_response(timeout=30)
               ^^^^^^^^^^^^^^^^^^^^^^^^^^^^^^^^^^^
  File "/home/ubuntu/miniconda3/lib/python3.12/asyncio/tasks.py", line 519, in wait_for
    async with timeouts.timeout(timeout):
  File "/home/ubuntu/miniconda3/lib/python3.12/asyncio/timeouts.py", line 115, in __aexit__
    raise TimeoutError from exc_val
TimeoutError
2024-11-29 06:53:04,609 - INFO - Sending command: /s 61trovNRXxwEyDraZnyZA1U1XW5anmug5DjjDLR7pump
2024-11-29 06:53:27,733 - ERROR - No buttons found in response
2024-11-29 06:56:57,652 - INFO - Sending command: /s 61trovNRXxwEyDraZnyZA1U1XW5anmug5DjjDLR7pump
2024-11-29 06:57:28,366 - ERROR - Full traceback:
Traceback (most recent call last):
  File "/home/ubuntu/miniconda3/lib/python3.12/asyncio/tasks.py", line 520, in wait_for
    return await fut
           ^^^^^^^^^
asyncio.exceptions.CancelledError

The above exception was the direct cause of the following exception:

Traceback (most recent call last):
  File "/home/ubuntu/Birdeye_Dashboard/APIs/Telegram_PirbView/tel_tokenprompt_s_.py", line 91, in get_token_info
    response = await conv.get_response(timeout=30)
               ^^^^^^^^^^^^^^^^^^^^^^^^^^^^^^^^^^^
  File "/home/ubuntu/miniconda3/lib/python3.12/asyncio/tasks.py", line 519, in wait_for
    async with timeouts.timeout(timeout):
  File "/home/ubuntu/miniconda3/lib/python3.12/asyncio/timeouts.py", line 115, in __aexit__
    raise TimeoutError from exc_val
TimeoutError
2024-11-29 06:57:38,377 - INFO - Sending command: /s 61trovNRXxwEyDraZnyZA1U1XW5anmug5DjjDLR7pump
2024-11-29 06:57:58,722 - ERROR - No token name found in data
2024-11-29 07:02:43,523 - INFO - Sending command: /s 61trovNRXxwEyDraZnyZA1U1XW5anmug5DjjDLR7pump
2024-11-29 07:02:55,138 - ERROR - No buttons found in response
2024-11-29 07:03:05,149 - INFO - Sending command: /s 61trovNRXxwEyDraZnyZA1U1XW5anmug5DjjDLR7pump
2024-11-29 07:03:34,961 - INFO - Created 22 rows for CSV
2024-11-29 07:03:34,964 - INFO - Bubble map data saved to data/2024_11_29/CHILLGRINCH**_61trovNRXxwEyDraZnyZA1U1XW5anmug5DjjDLR7pump/2024_Nov_29_0703AM/bubble_map_070334.csv with 22 rows
2024-11-29 07:03:34,964 - INFO - Daily summary updated at data/2024_11_29/CHILLGRINCH**_61trovNRXxwEyDraZnyZA1U1XW5anmug5DjjDLR7pump/2024_Nov_29_0703AM/daily_summary.csv
2024-11-29 11:10:41,277 - INFO - Sending command: /s 61trovNRXxwEyDraZnyZA1U1XW5anmug5DjjDLR7pump
2024-11-29 11:14:32,736 - INFO - Sending command: /s 61trovNRXxwEyDraZnyZA1U1XW5anmug5DjjDLR7pump
2024-11-29 11:15:31,582 - INFO - Created 23 rows for CSV
2024-11-29 11:15:31,584 - INFO - Bubble map data saved to data/2024_11_29/CHILLGRINCH**_61trovNRXxwEyDraZnyZA1U1XW5anmug5DjjDLR7pump/2024_Nov_29_1115AM/bubble_map_111531.csv with 23 rows
2024-11-29 11:15:31,585 - INFO - Daily summary updated at data/2024_11_29/CHILLGRINCH**_61trovNRXxwEyDraZnyZA1U1XW5anmug5DjjDLR7pump/2024_Nov_29_1115AM/daily_summary.csv
2024-11-29 12:13:53,610 - INFO - Sending command: /s waGerWB7pKNvEfvQmhA2eS61Vs45BsLAmpFff46Lc3v
2024-11-29 12:14:50,951 - INFO - Created 20 rows for CSV
2024-11-29 12:14:50,953 - INFO - Bubble map data saved to data/2024_11_29/WagerOn**_waGerWB7pKNvEfvQmhA2eS61Vs45BsLAmpFff46Lc3v/2024_Nov_29_1214PM/bubble_map_121450.csv with 20 rows
2024-11-29 12:14:50,954 - INFO - Daily summary updated at data/2024_11_29/WagerOn**_waGerWB7pKNvEfvQmhA2eS61Vs45BsLAmpFff46Lc3v/2024_Nov_29_1214PM/daily_summary.csv
2024-11-29 12:23:43,892 - INFO - No saved session found, using new session
2024-11-29 12:23:51,259 - ERROR - Error initializing client: The phone number is invalid (caused by SendCodeRequest)
2024-11-29 12:24:09,801 - INFO - Sending command: /s waGerWB7pKNvEfvQmhA2eS61Vs45BsLAmpFff46Lc3v
2024-11-29 12:24:09,801 - INFO - Sending command: /s waGerWB7pKNvEfvQmhA2eS61Vs45BsLAmpFff46Lc3v
2024-11-29 12:24:34,617 - ERROR - No buttons found in response
2024-11-29 12:24:34,617 - ERROR - No buttons found in response
2024-11-29 12:32:59,471 - INFO - Sending command: /s waGerWB7pKNvEfvQmhA2eS61Vs45BsLAmpFff46Lc3v
2024-11-29 12:32:59,471 - INFO - Sending command: /s waGerWB7pKNvEfvQmhA2eS61Vs45BsLAmpFff46Lc3v
2024-11-29 12:32:59,471 - INFO - Sending command: /s waGerWB7pKNvEfvQmhA2eS61Vs45BsLAmpFff46Lc3v
2024-11-29 12:33:26,816 - INFO - Created 20 rows for CSV
2024-11-29 12:33:26,816 - INFO - Created 20 rows for CSV
2024-11-29 12:33:26,816 - INFO - Created 20 rows for CSV
2024-11-29 12:33:26,819 - INFO - Bubble map data saved to data/2024_11_29/WagerOn**_waGerWB7pKNvEfvQmhA2eS61Vs45BsLAmpFff46Lc3v/2024_Nov_29_1233PM/bubble_map_123326.csv with 20 rows
2024-11-29 12:33:26,819 - INFO - Bubble map data saved to data/2024_11_29/WagerOn**_waGerWB7pKNvEfvQmhA2eS61Vs45BsLAmpFff46Lc3v/2024_Nov_29_1233PM/bubble_map_123326.csv with 20 rows
2024-11-29 12:33:26,819 - INFO - Bubble map data saved to data/2024_11_29/WagerOn**_waGerWB7pKNvEfvQmhA2eS61Vs45BsLAmpFff46Lc3v/2024_Nov_29_1233PM/bubble_map_123326.csv with 20 rows
2024-11-29 12:33:26,821 - INFO - Daily summary updated at data/2024_11_29/WagerOn**_waGerWB7pKNvEfvQmhA2eS61Vs45BsLAmpFff46Lc3v/2024_Nov_29_1233PM/daily_summary.csv
2024-11-29 12:33:26,821 - INFO - Daily summary updated at data/2024_11_29/WagerOn**_waGerWB7pKNvEfvQmhA2eS61Vs45BsLAmpFff46Lc3v/2024_Nov_29_1233PM/daily_summary.csv
2024-11-29 12:33:26,821 - INFO - Daily summary updated at data/2024_11_29/WagerOn**_waGerWB7pKNvEfvQmhA2eS61Vs45BsLAmpFff46Lc3v/2024_Nov_29_1233PM/daily_summary.csv
2024-11-29 13:10:00,926 - INFO - No saved session found, using new session
2024-11-29 13:10:00,926 - INFO - No saved session found, using new session
2024-11-29 13:10:00,926 - INFO - No saved session found, using new session
2024-11-29 13:11:49,524 - ERROR - Error initializing client: The phone number is invalid (caused by SendCodeRequest)
2024-11-29 13:11:49,524 - ERROR - Error initializing client: The phone number is invalid (caused by SendCodeRequest)
2024-11-29 13:11:49,524 - ERROR - Error initializing client: The phone number is invalid (caused by SendCodeRequest)
2024-11-29 13:39:22,800 - INFO - Sending command: /s waGerWB7pKNvEfvQmhA2eS61Vs45BsLAmpFff46Lc3v
2024-11-29 13:40:08,245 - INFO - Created 20 rows for CSV
2024-11-29 13:40:08,247 - INFO - Bubble map data saved to data/2024_11_29/WagerOn**_waGerWB7pKNvEfvQmhA2eS61Vs45BsLAmpFff46Lc3v/2024_Nov_29_0140PM/bubble_map_134008.csv with 20 rows
2024-11-29 13:40:08,248 - INFO - Daily summary updated at data/2024_11_29/WagerOn**_waGerWB7pKNvEfvQmhA2eS61Vs45BsLAmpFff46Lc3v/2024_Nov_29_0140PM/daily_summary.csv
2024-11-30 02:44:56,183 - INFO - Sending command: /s 9cYXqd1ggyMTjwZFWnbDuf5EfLEcLuumMG67jRkJpump
2024-11-30 02:45:32,908 - INFO - Created 22 rows for CSV
2024-11-30 02:45:32,910 - INFO - Bubble map data saved to data/2024_11_30/The Anthropic O**_9cYXqd1ggyMTjwZFWnbDuf5EfLEcLuumMG67jRkJpump/2024_Nov_30_0245AM/bubble_map_024532.csv with 22 rows
2024-11-30 02:45:32,911 - INFO - Daily summary updated at data/2024_11_30/The Anthropic O**_9cYXqd1ggyMTjwZFWnbDuf5EfLEcLuumMG67jRkJpump/2024_Nov_30_0245AM/daily_summary.csv
2024-11-30 04:08:19,563 - INFO - Sending command: /s FVdo7CDJarhYoH6McyTFqx71EtzCPViinvdd1v86Qmy5
2024-11-30 04:09:00,020 - INFO - Created 20 rows for CSV
2024-11-30 04:09:00,022 - INFO - Bubble map data saved to data/2024_11_30/Aimonica Brands**_FVdo7CDJarhYoH6McyTFqx71EtzCPViinvdd1v86Qmy5/2024_Nov_30_0409AM/bubble_map_040900.csv with 20 rows
2024-11-30 04:09:00,023 - INFO - Daily summary updated at data/2024_11_30/Aimonica Brands**_FVdo7CDJarhYoH6McyTFqx71EtzCPViinvdd1v86Qmy5/2024_Nov_30_0409AM/daily_summary.csv
